============================================================
🤖 Amazon Ads Auto-Optimizer
   Mode: EXECUTE
   Date: 2026-05-04
============================================================

📂 Loading data for 2026-05-04...
   📊 Campaigns: 10
   🎯 Keywords: 94
   🔍 Search terms: 110
🔑 Authenticating with Amazon Ads API...
   ✅ Authenticated (expires in 3600s)

🤖 Running Rules Engine...

  📈 Rule: BID_UP_WINNER
    → 0 keywords with bids increased

  📉 Rule: BID_DOWN_BLEEDER
    → 0 keywords with bids decreased (bleeders)

  📉 Rule: BID_DOWN_NO_CONVERT
    → 0 keywords with bids decreased (no conversions)

  ⏸️  Rule: PAUSE_DEAD
    → 0 keywords paused (dead)

  🚫 Rule: NEGATE_JUNK
    → 0 search terms negated

  🏆 Rule: HARVEST_WINNER
    → 0 harvest candidates identified

  ⚠️  Rule: PAUSE_CAMPAIGN
    → 0 campaigns flagged for pause review

  🚀 Rule: SCALE_CAMPAIGN
    → 0 campaigns flagged for scaling

  💡 Rule: BUDGET_REBALANCE
    💡 "Sales - 2oz thick and 8oz medium - keywords*SP-M-GEN" — using 4.0% of budget ($1.01/$25.00)
    💡 "Sales - 8oz Medium Glue - keywords*SP-M-GEN" — using 5.3% of budget ($2.67/$50.00)
    💡 "Sales - CA Glue Core Exact*SP-M-KW" — using 2.6% of budget ($1.32/$50.00)
    💡 "Sales - Competitor Conquest*SP-M-KW" — using 1.0% of budget ($0.47/$45.00)
    💡 "Discovery - 2oz Thick Auto*SP-A-DSC" — using 13.2% of budget ($2.63/$20.00)
    💡 "Discovery - 8oz Medium Auto*SP-A-DSC" — using 2.6% of budget ($1.28/$50.00)
    💡 "Discovery - 8oz Thick Auto*SP-A-DSC" — using 2.1% of budget ($1.26/$60.00)
    💡 "Sales - Head Term Conquest*SP-M-KW" — using 14.6% of budget ($2.19/$15.00)
    → 8 campaigns suggested for budget reallocation

  📊 Rule: CPC_SPIKE
    ℹ️ No CPC spikes detected
    → 0 CPC alerts

  🚨 Rule: SPEND_SPIKE
    ✅ No spend spikes detected
    → 0 spend spike alerts

  📉 Rule: CTR_COLLAPSE
    ✅ No CTR collapses detected
    → 0 CTR collapse alerts

  📉 Rule: CVR_COLLAPSE
    📉 CVR COLLAPSE: "Sales - Head Term Conquest*SP-M-KW" — CVR 18.2% → 0.0%. Check listing quality, stock, and Buy Box.
    → 1 CVR collapse alerts

  💹 Rule: CPC_SURGE
    ✅ CPC stable: $1.29 → $1.26 (within 25% threshold)
    → 0 CPC surge alerts

  👁️  Rule: ZERO_IMPRESSIONS
    ✅ All enabled campaigns have impressions
    → 0 zero impression alerts

💾 Changes saved to /Users/evolve/.openclaw/workspace/moneysamurai/data/ads/changes.json

============================================================
🤖 OPTIMIZER SUMMARY — 2026-05-04 (EXECUTE)
============================================================

📊 Total actions: 9
   Tier 1 (autopilot):    0
   Tier 2 (auto+notify):  0
   Tier 3 (recommend):    9

📈 Bids increased:        0
📉 Bids decreased:        0
⏸️  Keywords paused:       0
🚫 Negatives added:       0
🏆 Harvest candidates:    0
⚠️  Campaign flags:        0
🚨 Anomaly alerts:        1

📢 Notifications (1):
   📉 CVR COLLAPSE: "Sales - Head Term Conquest*SP-M-KW" — CVR 18.2% → 0.0%. Check listing quality, stock, and Buy Box.

============================================================
